<?xml version="1.0" encoding="UTF-8"?>
<testng-results total="1" passed="1" failed="0" skipped="0">
  <reporter-output>
  </reporter-output>
  <suite started-at="2025-07-17T11:28:10Z" name="Default suite" finished-at="2025-07-17T11:28:13Z" duration-ms="2740">
    <groups>
    </groups>
    <test started-at="2025-07-17T11:28:10Z" name="Default test" finished-at="2025-07-17T11:28:13Z" duration-ms="2740">
      <class name="javaPackage.Test1">
        <test-method signature="a()[pri:0, instance:javaPackage.Test1@cc43f62]" started-at="2025-07-17T16:58:10Z" name="a" finished-at="2025-07-17T16:58:13Z" duration-ms="2720" status="PASS">
          <reporter-output>
          </reporter-output>
        </test-method> <!-- a -->
      </class> <!-- javaPackage.Test1 -->
    </test> <!-- Default test -->
  </suite> <!-- Default suite -->
</testng-results>
